<?xml version="1.0" encoding="UTF-8" standalone="yes"?><!DOCTYPE report PUBLIC "-//JACOCO//DTD Report 1.1//EN" "report.dtd"><report name="code_coverage_3"><sessioninfo id="DESKTOP-2US7T57-73b51e45" start="1768159365138" dump="1768159365518"/><sessioninfo id="DESKTOP-2US7T57-b958ba5" start="1768159366369" dump="1768159366861"/><sessioninfo id="DESKTOP-2US7T57-c2ecd04f" start="1768159367703" dump="1768159368088"/><sessioninfo id="DESKTOP-2US7T57-647ff8e" start="1768159368925" dump="1768159369284"/><sessioninfo id="DESKTOP-2US7T57-f9324622" start="1768160970385" dump="1768160970769"/><sessioninfo id="DESKTOP-2US7T57-908dbbaa" start="1768160971591" dump="1768160972073"/><sessioninfo id="DESKTOP-2US7T57-b32b027b" start="1768160972906" dump="1768160973272"/><sessioninfo id="DESKTOP-2US7T57-d94d28a8" start="1768160974095" dump="1768160974456"/><sessioninfo id="DESKTOP-2US7T57-3bece4bc" start="1768161133149" dump="1768161133513"/><sessioninfo id="DESKTOP-2US7T57-7c059fb7" start="1768161134344" dump="1768161134820"/><sessioninfo id="DESKTOP-2US7T57-9979918e" start="1768161135644" dump="1768161136044"/><sessioninfo id="DESKTOP-2US7T57-af55a31a" start="1768161136869" dump="1768161137227"/><sessioninfo id="DESKTOP-2US7T57-c853db4c" start="1768161651199" dump="1768161651579"/><sessioninfo id="DESKTOP-2US7T57-bf6d4900" start="1768161652412" dump="1768161652868"/><sessioninfo id="DESKTOP-2US7T57-69b16ce6" start="1768161653707" dump="1768161654144"/><sessioninfo id="DESKTOP-2US7T57-1ae816c2" start="1768161655032" dump="1768161655386"/><sessioninfo id="DESKTOP-2US7T57-ae633da5" start="1768162831005" dump="1768162831386"/><sessioninfo id="DESKTOP-2US7T57-c9cc4665" start="1768162832222" dump="1768162832681"/><sessioninfo id="DESKTOP-2US7T57-30aa811" start="1768162833508" dump="1768162833862"/><sessioninfo id="DESKTOP-2US7T57-a7ef6c9f" start="1768162834737" dump="1768162835119"/><sessioninfo id="DESKTOP-2US7T57-f7cec305" start="1768247022452" dump="1768247022808"/><sessioninfo id="DESKTOP-2US7T57-3ba3e9da" start="1768247023702" dump="1768247024191"/><sessioninfo id="DESKTOP-2US7T57-b334faae" start="1768247025038" dump="1768247025387"/><sessioninfo id="DESKTOP-2US7T57-4ea7cf89" start="1768247102548" dump="1768247102893"/><sessioninfo id="DESKTOP-2US7T57-bb2be3d3" start="1768247103694" dump="1768247104128"/><sessioninfo id="DESKTOP-2US7T57-d4b49779" start="1768247104941" dump="1768247105307"/><package name="code_coverage_4/code_coverage_4"><class name="code_coverage_4/code_coverage_4/Fun3" sourcefilename="Fun3.java"><method name="&lt;init&gt;" desc="()V" line="3"><counter type="INSTRUCTION" missed="3" covered="0"/><counter type="LINE" missed="1" covered="0"/><counter type="COMPLEXITY" missed="1" covered="0"/><counter type="METHOD" missed="1" covered="0"/></method><method name="func3" desc="(I)Ljava/lang/String;" line="5"><counter type="INSTRUCTION" missed="14" covered="8"/><counter type="BRANCH" missed="1" covered="1"/><counter type="LINE" missed="2" covered="3"/><counter type="COMPLEXITY" missed="1" covered="1"/><counter type="METHOD" missed="0" covered="1"/></method><counter type="INSTRUCTION" missed="17" covered="8"/><counter type="BRANCH" missed="1" covered="1"/><counter type="LINE" missed="3" covered="3"/><counter type="COMPLEXITY" missed="2" covered="1"/><counter type="METHOD" missed="1" covered="1"/><counter type="CLASS" missed="0" covered="1"/></class><class name="code_coverage_4/code_coverage_4/Fun1" sourcefilename="Fun1.java"><method name="&lt;init&gt;" desc="()V" line="3"><counter type="INSTRUCTION" missed="0" covered="3"/><counter type="LINE" missed="0" covered="1"/><counter type="COMPLEXITY" missed="0" covered="1"/><counter type="METHOD" missed="0" covered="1"/></method><method name="func1" desc="(III)I" line="7"><counter type="INSTRUCTION" missed="1" covered="23"/><counter type="BRANCH" missed="1" covered="5"/><counter type="LINE" missed="0" covered="5"/><counter type="COMPLEXITY" missed="1" covered="3"/><counter type="METHOD" missed="0" covered="1"/></method><counter type="INSTRUCTION" missed="1" covered="26"/><counter type="BRANCH" missed="1" covered="5"/><counter type="LINE" missed="0" covered="6"/><counter type="COMPLEXITY" missed="1" covered="4"/><counter type="METHOD" missed="0" covered="2"/><counter type="CLASS" missed="0" covered="1"/></class><class name="code_coverage_4/code_coverage_4/Fun2" sourcefilename="Fun2.java"><method name="&lt;init&gt;" desc="()V" line="3"><counter type="INSTRUCTION" missed="3" covered="0"/><counter type="LINE" missed="1" covered="0"/><counter type="COMPLEXITY" missed="1" covered="0"/><counter type="METHOD" missed="1" covered="0"/></method><method name="func2" desc="(FF)Ljava/lang/String;" line="7"><counter type="INSTRUCTION" missed="0" covered="27"/><counter type="BRANCH" missed="0" covered="2"/><counter type="LINE" missed="0" covered="4"/><counter type="COMPLEXITY" missed="0" covered="2"/><counter type="METHOD" missed="0" covered="1"/></method><counter type="INSTRUCTION" missed="3" covered="27"/><counter type="BRANCH" missed="0" covered="2"/><counter type="LINE" missed="1" covered="4"/><counter type="COMPLEXITY" missed="1" covered="2"/><counter type="METHOD" missed="1" covered="1"/><counter type="CLASS" missed="0" covered="1"/></class><sourcefile name="Fun2.java"><line nr="3" mi="3" ci="0" mb="0" cb="0"/><line nr="7" mi="0" ci="4" mb="0" cb="2"/><line nr="8" mi="0" ci="4" mb="0" cb="0"/><line nr="12" mi="0" ci="4" mb="0" cb="0"/><line nr="14" mi="0" ci="15" mb="0" cb="0"/><counter type="INSTRUCTION" missed="3" covered="27"/><counter type="BRANCH" missed="0" covered="2"/><counter type="LINE" missed="1" covered="4"/><counter type="COMPLEXITY" missed="1" covered="2"/><counter type="METHOD" missed="1" covered="1"/><counter type="CLASS" missed="0" covered="1"/></sourcefile><sourcefile name="Fun1.java"><line nr="3" mi="0" ci="3" mb="0" cb="0"/><line nr="7" mi="0" ci="2" mb="0" cb="0"/><line nr="9" mi="1" ci="11" mb="1" cb="5"/><line nr="10" mi="0" ci="4" mb="0" cb="0"/><line nr="12" mi="0" ci="4" mb="0" cb="0"/><line nr="14" mi="0" ci="2" mb="0" cb="0"/><counter type="INSTRUCTION" missed="1" covered="26"/><counter type="BRANCH" missed="1" covered="5"/><counter type="LINE" missed="0" covered="6"/><counter type="COMPLEXITY" missed="1" covered="4"/><counter type="METHOD" missed="0" covered="2"/><counter type="CLASS" missed="0" covered="1"/></sourcefile><sourcefile name="Fun3.java"><line nr="3" mi="3" ci="0" mb="0" cb="0"/><line nr="5" mi="0" ci="2" mb="0" cb="0"/><line nr="7" mi="0" ci="2" mb="1" cb="1"/><line nr="8" mi="0" ci="4" mb="0" cb="0"/><line nr="10" mi="4" ci="0" mb="0" cb="0"/><line nr="12" mi="10" ci="0" mb="0" cb="0"/><counter type="INSTRUCTION" missed="17" covered="8"/><counter type="BRANCH" missed="1" covered="1"/><counter type="LINE" missed="3" covered="3"/><counter type="COMPLEXITY" missed="2" covered="1"/><counter type="METHOD" missed="1" covered="1"/><counter type="CLASS" missed="0" covered="1"/></sourcefile><counter type="INSTRUCTION" missed="21" covered="61"/><counter type="BRANCH" missed="2" covered="8"/><counter type="LINE" missed="4" covered="13"/><counter type="COMPLEXITY" missed="4" covered="7"/><counter type="METHOD" missed="2" covered="4"/><counter type="CLASS" missed="0" covered="3"/></package><counter type="INSTRUCTION" missed="21" covered="61"/><counter type="BRANCH" missed="2" covered="8"/><counter type="LINE" missed="4" covered="13"/><counter type="COMPLEXITY" missed="4" covered="7"/><counter type="METHOD" missed="2" covered="4"/><counter type="CLASS" missed="0" covered="3"/></report>